hySdkH5shellDemo/hySdkH5shellDemo/Dependent_HY/build/outputs/logs/manifest-merger-debug-report.txt
-- Merging decision tree log ---
manifest
ADDED from src\main\AndroidManifest.xml:1:1-63:12
INJECTED from src\main\AndroidManifest.xml:1:1-63:12
INJECTED from src\main\AndroidManifest.xml:1:1-63:12
INJECTED from src\main\AndroidManifest.xml:1:1-63:12
INJECTED from src\main\AndroidManifest.xml:1:1-63:12
INJECTED from src\main\AndroidManifest.xml:1:1-63:12
INJECTED from src\main\AndroidManifest.xml:1:1-63:12
	package
		ADDED from src\main\AndroidManifest.xml:2:5-29
		INJECTED from src\main\AndroidManifest.xml
		INJECTED from src\main\AndroidManifest.xml
	android:versionName
		ADDED from src\main\AndroidManifest.xml:4:5-30
		INJECTED from src\main\AndroidManifest.xml
		INJECTED from src\main\AndroidManifest.xml
	xmlns:android
		ADDED from src\main\AndroidManifest.xml:1:11-69
	android:versionCode
		ADDED from src\main\AndroidManifest.xml:3:5-28
		INJECTED from src\main\AndroidManifest.xml
		INJECTED from src\main\AndroidManifest.xml
application
ADDED from src\main\AndroidManifest.xml:8:5-61:19
	android:allowBackup
		ADDED from src\main\AndroidManifest.xml:9:9-35
activity#com.iapppay.sdk.main.WebActivity
ADDED from src\main\AndroidManifest.xml:13:9-16:75
	android:configChanges
		ADDED from src\main\AndroidManifest.xml:15:13-95
	android:theme
		ADDED from src\main\AndroidManifest.xml:16:13-72
	android:name
		ADDED from src\main\AndroidManifest.xml:14:13-60
activity#com.iapppay.ui.activity.PersonCenterActivity
ADDED from src\main\AndroidManifest.xml:17:9-20:75
	android:configChanges
		ADDED from src\main\AndroidManifest.xml:19:13-95
	android:theme
		ADDED from src\main\AndroidManifest.xml:20:13-72
	android:name
		ADDED from src\main\AndroidManifest.xml:18:13-72
activity#com.iapppay.ui.activity.PayHubActivity
ADDED from src\main\AndroidManifest.xml:23:9-26:75
	android:configChanges
		ADDED from src\main\AndroidManifest.xml:25:13-95
	android:theme
		ADDED from src\main\AndroidManifest.xml:26:13-72
	android:name
		ADDED from src\main\AndroidManifest.xml:24:13-66
activity#com.iapppay.ui.activity.SelectAmountActivity
ADDED from src\main\AndroidManifest.xml:29:9-33:75
	android:launchMode
		ADDED from src\main\AndroidManifest.xml:32:13-44
	android:configChanges
		ADDED from src\main\AndroidManifest.xml:31:13-95
	android:theme
		ADDED from src\main\AndroidManifest.xml:33:13-72
	android:name
		ADDED from src\main\AndroidManifest.xml:30:13-72
activity#com.iapppay.ui.activity.ChargeActivity
ADDED from src\main\AndroidManifest.xml:34:9-38:75
	android:launchMode
		ADDED from src\main\AndroidManifest.xml:37:13-44
	android:configChanges
		ADDED from src\main\AndroidManifest.xml:36:13-95
	android:theme
		ADDED from src\main\AndroidManifest.xml:38:13-72
	android:name
		ADDED from src\main\AndroidManifest.xml:35:13-66
activity#com.iapppay.ui.card.GamepayActivity
ADDED from src\main\AndroidManifest.xml:40:9-44:75
	android:launchMode
		ADDED from src\main\AndroidManifest.xml:43:13-44
	android:configChanges
		ADDED from src\main\AndroidManifest.xml:42:13-95
	android:theme
		ADDED from src\main\AndroidManifest.xml:44:13-72
	android:name
		ADDED from src\main\AndroidManifest.xml:41:13-63
activity#com.alipay.sdk.app.H5PayActivity
ADDED from src\main\AndroidManifest.xml:47:9-52:70
	android:screenOrientation
		ADDED from src\main\AndroidManifest.xml:51:13-47
	android:windowSoftInputMode
		ADDED from src\main\AndroidManifest.xml:52:13-67
	android:exported
		ADDED from src\main\AndroidManifest.xml:50:13-37
	android:configChanges
		ADDED from src\main\AndroidManifest.xml:49:13-74
	android:name
		ADDED from src\main\AndroidManifest.xml:48:13-60
activity#com.alipay.sdk.auth.AuthActivity
ADDED from src\main\AndroidManifest.xml:53:9-57:49
	android:screenOrientation
		ADDED from src\main\AndroidManifest.xml:57:13-47
	android:exported
		ADDED from src\main\AndroidManifest.xml:56:13-37
	android:configChanges
		ADDED from src\main\AndroidManifest.xml:55:13-74
	android:name
		ADDED from src\main\AndroidManifest.xml:54:13-60
uses-sdk
INJECTED from src\main\AndroidManifest.xml reason: use-sdk injection requested
INJECTED from src\main\AndroidManifest.xml
INJECTED from src\main\AndroidManifest.xml
INJECTED from src\main\AndroidManifest.xml
INJECTED from src\main\AndroidManifest.xml
	android:targetSdkVersion
		INJECTED from src\main\AndroidManifest.xml
		ADDED from src\main\AndroidManifest.xml
		INJECTED from src\main\AndroidManifest.xml
	android:minSdkVersion
		INJECTED from src\main\AndroidManifest.xml
		ADDED from src\main\AndroidManifest.xml
		INJECTED from src\main\AndroidManifest.xml